Arguments: 
  C:\Program Files\nodejs\node.exe C:\Users\dward1502\AppData\Roaming\npm\node_modules\yarn\bin\yarn.js install

PATH: 
  C:\Users\dward1502\bin;C:\Program Files\Git\mingw64\bin;C:\Program Files\Git\usr\local\bin;C:\Program Files\Git\usr\bin;C:\Program Files\Git\usr\bin;C:\Program Files\Git\mingw64\bin;C:\Program Files\Git\usr\bin;C:\Users\dward1502\bin;C:\PROGRAMDATA\ORACLE\JAVA\JAVAPATH;C:\WINDOWS\SYSTEM32;C:\WINDOWS;C:\WINDOWS\SYSTEM32\WBEM;C:\WINDOWS\SYSTEM32\WINDOWSPOWERSHELL\V1.0;C:\PROGRAM FILES (X86)\NVIDIA CORPORATION\PHYSX\COMMON;C:\WINDOWS\SYSTEM32;C:\WINDOWS;C:\WINDOWS\SYSTEM32\WBEM;C:\WINDOWS\SYSTEM32\WINDOWSPOWERSHELL\V1.0;C:\Program Files\WIDCOMM\Bluetooth Software;C:\Program Files\WIDCOMM\Bluetooth Software\syswow64;C:\WINDOWS\system32;C:\WINDOWS;C:\WINDOWS\System32\Wbem;C:\WINDOWS\System32\WindowsPowerShell\v1.0;C:\Program Files\Git\cmd;C:\Program Files\nodejs;C:\WINDOWS\System32\OpenSSH;C:\Users\dward1502\AppData\Local\Microsoft\WindowsApps;C:\Program Files\MongoDB\Server\3.6\bin;C:\Program Files\Heroku\bin;C:\Users\dward1502\AppData\Roaming\npm;C:\Program Files\Microsoft VS Code\bin;C:\Program Files\Git\usr\bin\vendor_perl;C:\Program Files\Git\usr\bin\core_perl

Yarn version: 
  1.5.1

Node version: 
  6.11.4

Platform: 
  win32 x64

npm manifest: 
  {
    "name": "starter",
    "version": "1.0.0",
    "description": "",
    "main": "index.js",
    "scripts": {
      "compile:sass":"node-sass sass/main.scss css/styles.css -w"
    },
    "author": "",
    "license": "ISC",
    "dependencies": {
      "node-sass": "^4.9.0"
    }
  }

yarn manifest: 
  No manifest

Lockfile: 
  No lockfile

Trace: 
  Error: C:\Users\dward1502\code\udemy\css\Natours\starter\node_modules\node-sass: Command failed.
  Exit code: 1
  Command: C:\WINDOWS\system32\cmd.exe
  Arguments: /d /s /c node scripts/build.js
  Directory: C:\Users\dward1502\code\udemy\css\Natours\starter\node_modules\node-sass
  Output:
  Building: C:\Program Files\nodejs\node.exe C:\Users\dward1502\code\udemy\css\Natours\starter\node_modules\node-gyp\bin\node-gyp.js rebuild --verbose --libsass_ext= --libsass_cflags= --libsass_ldflags= --libsass_library=
  gyp info it worked if it ends with ok
  gyp verb cli [ 'C:\\Program Files\\nodejs\\node.exe',
  gyp verb cli   'C:\\Users\\dward1502\\code\\udemy\\css\\Natours\\starter\\node_modules\\node-gyp\\bin\\node-gyp.js',
  gyp verb cli   'rebuild',
  gyp verb cli   '--verbose',
  gyp verb cli   '--libsass_ext=',
  gyp verb cli   '--libsass_cflags=',
  gyp verb cli   '--libsass_ldflags=',
  gyp verb cli   '--libsass_library=' ]
  gyp info using node-gyp@3.6.2
  gyp info using node@6.11.4 | win32 | x64
  gyp verb command rebuild []
  gyp verb command clean []
  gyp verb clean removing "build" directory
  gyp verb command configure []
  gyp verb check python checking for Python executable "python2" in the PATH
  gyp verb `which` failed Error: not found: python2
  gyp verb `which` failed     at getNotFoundError (C:\Users\dward1502\code\udemy\css\Natours\starter\node_modules\which\which.js:13:12)
  gyp verb `which` failed     at F (C:\Users\dward1502\code\udemy\css\Natours\starter\node_modules\which\which.js:68:19)
  gyp verb `which` failed     at E (C:\Users\dward1502\code\udemy\css\Natours\starter\node_modules\which\which.js:80:29)
  gyp verb `which` failed     at C:\Users\dward1502\code\udemy\css\Natours\starter\node_modules\which\which.js:89:16
  gyp verb `which` failed     at C:\Users\dward1502\code\udemy\css\Natours\starter\node_modules\isexe\index.js:42:5
  gyp verb `which` failed     at C:\Users\dward1502\code\udemy\css\Natours\starter\node_modules\isexe\windows.js:36:5
  gyp verb `which` failed     at FSReqWrap.oncomplete (fs.js:123:15)
  gyp verb `which` failed  python2 { Error: not found: python2
  gyp verb `which` failed     at getNotFoundError (C:\Users\dward1502\code\udemy\css\Natours\starter\node_modules\which\which.js:13:12)
  gyp verb `which` failed     at F (C:\Users\dward1502\code\udemy\css\Natours\starter\node_modules\which\which.js:68:19)
  gyp verb `which` failed     at E (C:\Users\dward1502\code\udemy\css\Natours\starter\node_modules\which\which.js:80:29)
  gyp verb `which` failed     at C:\Users\dward1502\code\udemy\css\Natours\starter\node_modules\which\which.js:89:16
  gyp verb `which` failed     at C:\Users\dward1502\code\udemy\css\Natours\starter\node_modules\isexe\index.js:42:5
  gyp verb `which` failed     at C:\Users\dward1502\code\udemy\css\Natours\starter\node_modules\isexe\windows.js:36:5
  gyp verb `which` failed     at FSReqWrap.oncomplete (fs.js:123:15)
  gyp verb `which` failed   stack: 'Error: not found: python2\n    at getNotFoundError (C:\\Users\\dward1502\\code\\udemy\\css\\Natours\\starter\\node_modules\\which\\which.js:13:12)\n    at F (C:\\Users\\dward1502\\code\\udemy\\css\\Natours\\starter\\node_modules\\which\\which.js:68:19)\n    at E (C:\\Users\\dward1502\\code\\udemy\\css\\Natours\\starter\\node_modules\\which\\which.js:80:29)\n    at C:\\Users\\dward1502\\code\\udemy\\css\\Natours\\starter\\node_modules\\which\\which.js:89:16\n    at C:\\Users\\dward1502\\code\\udemy\\css\\Natours\\starter\\node_modules\\isexe\\index.js:42:5\n    at C:\\Users\\dward1502\\code\\udemy\\css\\Natours\\starter\\node_modules\\isexe\\windows.js:36:5\n    at FSReqWrap.oncomplete (fs.js:123:15)',
  gyp verb `which` failed   code: 'ENOENT' }
  gyp verb check python checking for Python executable "python" in the PATH
  gyp verb `which` failed Error: not found: python
  gyp verb `which` failed     at getNotFoundError (C:\Users\dward1502\code\udemy\css\Natours\starter\node_modules\which\which.js:13:12)
  gyp verb `which` failed     at F (C:\Users\dward1502\code\udemy\css\Natours\starter\node_modules\which\which.js:68:19)
  gyp verb `which` failed     at E (C:\Users\dward1502\code\udemy\css\Natours\starter\node_modules\which\which.js:80:29)
  gyp verb `which` failed     at C:\Users\dward1502\code\udemy\css\Natours\starter\node_modules\which\which.js:89:16
  gyp verb `which` failed     at C:\Users\dward1502\code\udemy\css\Natours\starter\node_modules\isexe\index.js:42:5
  gyp verb `which` failed     at C:\Users\dward1502\code\udemy\css\Natours\starter\node_modules\isexe\windows.js:36:5
  gyp verb `which` failed     at FSReqWrap.oncomplete (fs.js:123:15)
  gyp verb `which` failed  python { Error: not found: python
  gyp verb `which` failed     at getNotFoundError (C:\Users\dward1502\code\udemy\css\Natours\starter\node_modules\which\which.js:13:12)
  gyp verb `which` failed     at F (C:\Users\dward1502\code\udemy\css\Natours\starter\node_modules\which\which.js:68:19)
  gyp verb `which` failed     at E (C:\Users\dward1502\code\udemy\css\Natours\starter\node_modules\which\which.js:80:29)
  gyp verb `which` failed     at C:\Users\dward1502\code\udemy\css\Natours\starter\node_modules\which\which.js:89:16
  gyp verb `which` failed     at C:\Users\dward1502\code\udemy\css\Natours\starter\node_modules\isexe\index.js:42:5
  gyp verb `which` failed     at C:\Users\dward1502\code\udemy\css\Natours\starter\node_modules\isexe\windows.js:36:5
  gyp verb `which` failed     at FSReqWrap.oncomplete (fs.js:123:15)
  gyp verb `which` failed   stack: 'Error: not found: python\n    at getNotFoundError (C:\\Users\\dward1502\\code\\udemy\\css\\Natours\\starter\\node_modules\\which\\which.js:13:12)\n    at F (C:\\Users\\dward1502\\code\\udemy\\css\\Natours\\starter\\node_modules\\which\\which.js:68:19)\n    at E (C:\\Users\\dward1502\\code\\udemy\\css\\Natours\\starter\\node_modules\\which\\which.js:80:29)\n    at C:\\Users\\dward1502\\code\\udemy\\css\\Natours\\starter\\node_modules\\which\\which.js:89:16\n    at C:\\Users\\dward1502\\code\\udemy\\css\\Natours\\starter\\node_modules\\isexe\\index.js:42:5\n    at C:\\Users\\dward1502\\code\\udemy\\css\\Natours\\starter\\node_modules\\isexe\\windows.js:36:5\n    at FSReqWrap.oncomplete (fs.js:123:15)',
  gyp verb `which` failed   code: 'ENOENT' }
  gyp verb could not find "python". checking python launcher 
  gyp verb could not find "python". guessing location 
  gyp verb ensuring that file exists: C:\Python27\python.exe
  gyp ERR! configure error 
  gyp ERR! stack Error: Can't find Python executable "python", you can set the PYTHON env variable.
  gyp ERR! stack     at Object.failNoPython (C:\Users\dward1502\code\udemy\css\Natours\starter\node_modules\node-gyp\lib\configure.js:483:19)
  gyp ERR! stack     at Object.<anonymous> (C:\Users\dward1502\code\udemy\css\Natours\starter\node_modules\node-gyp\lib\configure.js:508:16)
  gyp ERR! stack     at C:\Users\dward1502\code\udemy\css\Natours\starter\node_modules\graceful-fs\polyfills.js:284:29
  gyp ERR! stack     at FSReqWrap.oncomplete (fs.js:123:15)
  gyp ERR! System Windows_NT 10.0.17134
  gyp ERR! command "C:\\Program Files\\nodejs\\node.exe" "C:\\Users\\dward1502\\code\\udemy\\css\\Natours\\starter\\node_modules\\node-gyp\\bin\\node-gyp.js" "rebuild" "--verbose" "--libsass_ext=" "--libsass_cflags=" "--libsass_ldflags=" "--libsass_library="
  gyp ERR! cwd C:\Users\dward1502\code\udemy\css\Natours\starter\node_modules\node-sass
  gyp ERR! node -v v6.11.4
  gyp ERR! node-gyp -v v3.6.2
  gyp ERR! not ok 
  Build failed with error code: 1
      at ProcessTermError.Error (native)
      at ProcessTermError.MessageError (C:\Users\dward1502\AppData\Roaming\npm\node_modules\yarn\lib\cli.js:186:110)
      at new ProcessTermError (C:\Users\dward1502\AppData\Roaming\npm\node_modules\yarn\lib\cli.js:226:113)
      at ChildProcess.<anonymous> (C:\Users\dward1502\AppData\Roaming\npm\node_modules\yarn\lib\cli.js:30281:17)
      at emitTwo (events.js:106:13)
      at ChildProcess.emit (events.js:191:7)
      at maybeClose (internal/child_process.js:920:16)
      at Process.ChildProcess._handle.onexit (internal/child_process.js:230:5)
